Build started 23/05/2012 7:15:20 PM.
     1>Project "D:\Downloads\Mafrosti-S_Invaders-af17fe2\Mafrosti-S_Invaders-af17fe2\Space Invader\Space Invader.vcxproj" on node 2 (build target(s)).
     1>InitializeBuildStatus:
         Creating "Debug\Space Invader.unsuccessfulbuild" because "AlwaysCreate" was specified.
       ClCompile:
         d:\Program Files (x86)\Microsoft Visual Studio 10.0\VC\bin\CL.exe /c /ZI /nologo /W3 /WX- /Od /Oy- /D _MBCS /Gm /EHsc /RTC1 /MDd /GS /fp:precise /Zc:wchar_t /Zc:forScope /Fo"Debug\\" /Fd"Debug\vc100.pdb" /Gd /TP /analyze- /errorReport:prompt invaderGroup.cpp
         invaderGroup.cpp
     1>d:\downloads\mafrosti-s_invaders-af17fe2\mafrosti-s_invaders-af17fe2\space invader\invadergroup.cpp(302): warning C4244: 'argument' : conversion from 'time_t' to 'unsigned int', possible loss of data
       Link:
         d:\Program Files (x86)\Microsoft Visual Studio 10.0\VC\bin\link.exe /ERRORREPORT:PROMPT /OUT:"D:\Downloads\Mafrosti-S_Invaders-af17fe2\Mafrosti-S_Invaders-af17fe2\Debug\Space Invader.exe" /NOLOGO /LIBPATH:. wogl.lib kernel32.lib user32.lib gdi32.lib winspool.lib comdlg32.lib advapi32.lib shell32.lib ole32.lib oleaut32.lib uuid.lib odbc32.lib odbccp32.lib kernel32.lib user32.lib gdi32.lib winspool.lib comdlg32.lib advapi32.lib shell32.lib ole32.lib oleaut32.lib uuid.lib odbc32.lib odbccp32.lib /MANIFEST /ManifestFile:"Debug\Space Invader.exe.intermediate.manifest" /MANIFESTUAC:"level='asInvoker' uiAccess='false'" /DEBUG /PDB:"D:\Downloads\Mafrosti-S_Invaders-af17fe2\Mafrosti-S_Invaders-af17fe2\Debug\Space Invader.pdb" /TLBID:1 /DYNAMICBASE /NXCOMPAT /IMPLIB:"D:\Downloads\Mafrosti-S_Invaders-af17fe2\Mafrosti-S_Invaders-af17fe2\Debug\Space Invader.lib" /MACHINE:X86 Debug\bullet.obj
         Debug\dynamicObject.obj
         Debug\game.obj
         Debug\mine.obj
         Debug\moveDistance.obj
         Debug\invader.obj
         Debug\invaderGroup.obj
         Debug\main.obj
         Debug\object.obj
         Debug\position.obj
         Debug\moveRange.obj
         Debug\scale.obj
         Debug\shield.obj
         Debug\tank.obj
         LINK : D:\Downloads\Mafrosti-S_Invaders-af17fe2\Mafrosti-S_Invaders-af17fe2\Debug\Space Invader.exe not found or not built by the last incremental link; performing full link
         Space Invader.vcxproj -> D:\Downloads\Mafrosti-S_Invaders-af17fe2\Mafrosti-S_Invaders-af17fe2\Debug\Space Invader.exe
       Manifest:
         C:\Program Files (x86)\Microsoft SDKs\Windows\v7.0A\bin\mt.exe /nologo /verbose /outputresource:"D:\Downloads\Mafrosti-S_Invaders-af17fe2\Mafrosti-S_Invaders-af17fe2\Debug\Space Invader.exe;#1" /manifest "Debug\Space Invader.exe.intermediate.manifest"
       FinalizeBuildStatus:
         Deleting file "Debug\Space Invader.unsuccessfulbuild".
         Touching "Debug\Space Invader.lastbuildstate".
     1>Done Building Project "D:\Downloads\Mafrosti-S_Invaders-af17fe2\Mafrosti-S_Invaders-af17fe2\Space Invader\Space Invader.vcxproj" (build target(s)).

Build succeeded.

Time Elapsed 00:00:00.74
